[2016-11-14T20:52:43,800][INFO ][o.e.n.Node               ] [brew-01] initializing ...
[2016-11-14T20:52:44,020][INFO ][o.e.e.NodeEnvironment    ] [brew-01] using [1] data paths, mounts [[/usr/share/elasticsearch/data (osxfs)]], net usable_space [799.2gb], net total_space [930.7gb], spins? [possibly], types [fuse.osxfs]
[2016-11-14T20:52:44,021][INFO ][o.e.e.NodeEnvironment    ] [brew-01] heap size [3.9gb], compressed ordinary object pointers [true]
[2016-11-14T20:52:44,036][INFO ][o.e.n.Node               ] [brew-01] version[5.0.0], pid[1], build[253032b/2016-10-26T05:11:34.737Z], OS[Linux/4.4.27-moby/amd64], JVM[Oracle Corporation/OpenJDK 64-Bit Server VM/1.8.0_111/25.111-b14]
[2016-11-14T20:52:47,197][INFO ][o.e.p.PluginsService     ] [brew-01] loaded module [aggs-matrix-stats]
[2016-11-14T20:52:47,198][INFO ][o.e.p.PluginsService     ] [brew-01] loaded module [ingest-common]
[2016-11-14T20:52:47,199][INFO ][o.e.p.PluginsService     ] [brew-01] loaded module [lang-expression]
[2016-11-14T20:52:47,200][INFO ][o.e.p.PluginsService     ] [brew-01] loaded module [lang-groovy]
[2016-11-14T20:52:47,202][INFO ][o.e.p.PluginsService     ] [brew-01] loaded module [lang-mustache]
[2016-11-14T20:52:47,203][INFO ][o.e.p.PluginsService     ] [brew-01] loaded module [lang-painless]
[2016-11-14T20:52:47,204][INFO ][o.e.p.PluginsService     ] [brew-01] loaded module [percolator]
[2016-11-14T20:52:47,206][INFO ][o.e.p.PluginsService     ] [brew-01] loaded module [reindex]
[2016-11-14T20:52:47,207][INFO ][o.e.p.PluginsService     ] [brew-01] loaded module [transport-netty3]
[2016-11-14T20:52:47,209][INFO ][o.e.p.PluginsService     ] [brew-01] loaded module [transport-netty4]
[2016-11-14T20:52:47,211][INFO ][o.e.p.PluginsService     ] [brew-01] no plugins loaded
[2016-11-14T20:52:51,814][INFO ][o.e.n.Node               ] [brew-01] initialized
[2016-11-14T20:52:51,816][INFO ][o.e.n.Node               ] [brew-01] starting ...
[2016-11-14T20:52:52,094][INFO ][o.e.t.TransportService   ] [brew-01] publish_address {172.21.0.2:9300}, bound_addresses {[::]:9300}
[2016-11-14T20:52:52,109][INFO ][o.e.b.BootstrapCheck     ] [brew-01] bound or publishing to a non-loopback or non-link-local address, enforcing bootstrap checks
[2016-11-14T20:52:52,118][ERROR][o.e.b.Bootstrap          ] [brew-01] node validation exception
bootstrap checks failed
initial heap size [2147483648] not equal to maximum heap size [4294967296]; this can cause resize pauses and prevents mlockall from locking the entire heap
[2016-11-14T20:52:52,121][INFO ][o.e.n.Node               ] [brew-01] stopping ...
[2016-11-14T20:52:52,151][INFO ][o.e.n.Node               ] [brew-01] stopped
[2016-11-14T20:52:52,152][INFO ][o.e.n.Node               ] [brew-01] closing ...
[2016-11-14T20:52:52,172][INFO ][o.e.n.Node               ] [brew-01] closed
[2016-11-14T20:56:37,217][INFO ][o.e.n.Node               ] [brew-01] initializing ...
[2016-11-14T20:56:37,423][INFO ][o.e.e.NodeEnvironment    ] [brew-01] using [1] data paths, mounts [[/usr/share/elasticsearch/data (osxfs)]], net usable_space [799.2gb], net total_space [930.7gb], spins? [possibly], types [fuse.osxfs]
[2016-11-14T20:56:37,425][INFO ][o.e.e.NodeEnvironment    ] [brew-01] heap size [3.9gb], compressed ordinary object pointers [true]
[2016-11-14T20:56:37,682][INFO ][o.e.n.Node               ] [brew-01] version[5.0.0], pid[1], build[253032b/2016-10-26T05:11:34.737Z], OS[Linux/4.4.27-moby/amd64], JVM[Oracle Corporation/OpenJDK 64-Bit Server VM/1.8.0_111/25.111-b14]
[2016-11-14T20:56:40,920][INFO ][o.e.p.PluginsService     ] [brew-01] loaded module [aggs-matrix-stats]
[2016-11-14T20:56:40,921][INFO ][o.e.p.PluginsService     ] [brew-01] loaded module [ingest-common]
[2016-11-14T20:56:40,922][INFO ][o.e.p.PluginsService     ] [brew-01] loaded module [lang-expression]
[2016-11-14T20:56:40,923][INFO ][o.e.p.PluginsService     ] [brew-01] loaded module [lang-groovy]
[2016-11-14T20:56:40,924][INFO ][o.e.p.PluginsService     ] [brew-01] loaded module [lang-mustache]
[2016-11-14T20:56:40,925][INFO ][o.e.p.PluginsService     ] [brew-01] loaded module [lang-painless]
[2016-11-14T20:56:40,926][INFO ][o.e.p.PluginsService     ] [brew-01] loaded module [percolator]
[2016-11-14T20:56:40,927][INFO ][o.e.p.PluginsService     ] [brew-01] loaded module [reindex]
[2016-11-14T20:56:40,928][INFO ][o.e.p.PluginsService     ] [brew-01] loaded module [transport-netty3]
[2016-11-14T20:56:40,929][INFO ][o.e.p.PluginsService     ] [brew-01] loaded module [transport-netty4]
[2016-11-14T20:56:40,931][INFO ][o.e.p.PluginsService     ] [brew-01] no plugins loaded
[2016-11-14T20:56:46,427][INFO ][o.e.n.Node               ] [brew-01] initialized
[2016-11-14T20:56:46,429][INFO ][o.e.n.Node               ] [brew-01] starting ...
[2016-11-14T20:56:46,928][INFO ][o.e.t.TransportService   ] [brew-01] publish_address {172.21.0.2:9300}, bound_addresses {[::]:9300}
[2016-11-14T20:56:46,940][INFO ][o.e.b.BootstrapCheck     ] [brew-01] bound or publishing to a non-loopback or non-link-local address, enforcing bootstrap checks
[2016-11-14T20:56:46,945][ERROR][o.e.b.Bootstrap          ] [brew-01] node validation exception
bootstrap checks failed
initial heap size [2147483648] not equal to maximum heap size [4294967296]; this can cause resize pauses and prevents mlockall from locking the entire heap
[2016-11-14T20:56:46,949][INFO ][o.e.n.Node               ] [brew-01] stopping ...
[2016-11-14T20:56:46,990][INFO ][o.e.n.Node               ] [brew-01] stopped
[2016-11-14T20:56:46,991][INFO ][o.e.n.Node               ] [brew-01] closing ...
[2016-11-14T20:56:47,009][INFO ][o.e.n.Node               ] [brew-01] closed
[2016-11-14T21:01:37,455][INFO ][o.e.n.Node               ] [brew-01] initializing ...
[2016-11-14T21:01:37,802][INFO ][o.e.e.NodeEnvironment    ] [brew-01] using [1] data paths, mounts [[/usr/share/elasticsearch/data (osxfs)]], net usable_space [799.2gb], net total_space [930.7gb], spins? [possibly], types [fuse.osxfs]
[2016-11-14T21:01:37,804][INFO ][o.e.e.NodeEnvironment    ] [brew-01] heap size [3.9gb], compressed ordinary object pointers [true]
[2016-11-14T21:01:37,828][INFO ][o.e.n.Node               ] [brew-01] version[5.0.0], pid[1], build[253032b/2016-10-26T05:11:34.737Z], OS[Linux/4.4.27-moby/amd64], JVM[Oracle Corporation/OpenJDK 64-Bit Server VM/1.8.0_111/25.111-b14]
[2016-11-14T21:01:41,115][INFO ][o.e.p.PluginsService     ] [brew-01] loaded module [aggs-matrix-stats]
[2016-11-14T21:01:41,116][INFO ][o.e.p.PluginsService     ] [brew-01] loaded module [ingest-common]
[2016-11-14T21:01:41,118][INFO ][o.e.p.PluginsService     ] [brew-01] loaded module [lang-expression]
[2016-11-14T21:01:41,120][INFO ][o.e.p.PluginsService     ] [brew-01] loaded module [lang-groovy]
[2016-11-14T21:01:41,121][INFO ][o.e.p.PluginsService     ] [brew-01] loaded module [lang-mustache]
[2016-11-14T21:01:41,122][INFO ][o.e.p.PluginsService     ] [brew-01] loaded module [lang-painless]
[2016-11-14T21:01:41,123][INFO ][o.e.p.PluginsService     ] [brew-01] loaded module [percolator]
[2016-11-14T21:01:41,124][INFO ][o.e.p.PluginsService     ] [brew-01] loaded module [reindex]
[2016-11-14T21:01:41,125][INFO ][o.e.p.PluginsService     ] [brew-01] loaded module [transport-netty3]
[2016-11-14T21:01:41,126][INFO ][o.e.p.PluginsService     ] [brew-01] loaded module [transport-netty4]
[2016-11-14T21:01:41,127][INFO ][o.e.p.PluginsService     ] [brew-01] no plugins loaded
[2016-11-14T21:01:46,222][INFO ][o.e.n.Node               ] [brew-01] initialized
[2016-11-14T21:01:46,223][INFO ][o.e.n.Node               ] [brew-01] starting ...
[2016-11-14T21:01:47,058][INFO ][o.e.t.TransportService   ] [brew-01] publish_address {172.21.0.2:9300}, bound_addresses {[::]:9300}
[2016-11-14T21:01:47,089][INFO ][o.e.b.BootstrapCheck     ] [brew-01] bound or publishing to a non-loopback or non-link-local address, enforcing bootstrap checks
[2016-11-14T21:01:47,115][ERROR][o.e.b.Bootstrap          ] [brew-01] node validation exception
bootstrap checks failed
initial heap size [2147483648] not equal to maximum heap size [4294967296]; this can cause resize pauses and prevents mlockall from locking the entire heap
[2016-11-14T21:01:47,124][INFO ][o.e.n.Node               ] [brew-01] stopping ...
[2016-11-14T21:01:47,193][INFO ][o.e.n.Node               ] [brew-01] stopped
[2016-11-14T21:01:47,196][INFO ][o.e.n.Node               ] [brew-01] closing ...
[2016-11-14T21:01:47,269][INFO ][o.e.n.Node               ] [brew-01] closed
[2016-11-14T21:05:22,190][INFO ][o.e.n.Node               ] [brew-01] initializing ...
[2016-11-14T21:05:22,667][INFO ][o.e.e.NodeEnvironment    ] [brew-01] using [1] data paths, mounts [[/usr/share/elasticsearch/data (osxfs)]], net usable_space [799.2gb], net total_space [930.7gb], spins? [possibly], types [fuse.osxfs]
[2016-11-14T21:05:22,669][INFO ][o.e.e.NodeEnvironment    ] [brew-01] heap size [3.9gb], compressed ordinary object pointers [true]
[2016-11-14T21:05:22,691][INFO ][o.e.n.Node               ] [brew-01] version[5.0.0], pid[1], build[253032b/2016-10-26T05:11:34.737Z], OS[Linux/4.4.27-moby/amd64], JVM[Oracle Corporation/OpenJDK 64-Bit Server VM/1.8.0_111/25.111-b14]
[2016-11-14T21:05:25,932][INFO ][o.e.p.PluginsService     ] [brew-01] loaded module [aggs-matrix-stats]
[2016-11-14T21:05:25,934][INFO ][o.e.p.PluginsService     ] [brew-01] loaded module [ingest-common]
[2016-11-14T21:05:25,936][INFO ][o.e.p.PluginsService     ] [brew-01] loaded module [lang-expression]
[2016-11-14T21:05:25,940][INFO ][o.e.p.PluginsService     ] [brew-01] loaded module [lang-groovy]
[2016-11-14T21:05:25,943][INFO ][o.e.p.PluginsService     ] [brew-01] loaded module [lang-mustache]
[2016-11-14T21:05:25,946][INFO ][o.e.p.PluginsService     ] [brew-01] loaded module [lang-painless]
[2016-11-14T21:05:25,947][INFO ][o.e.p.PluginsService     ] [brew-01] loaded module [percolator]
[2016-11-14T21:05:25,948][INFO ][o.e.p.PluginsService     ] [brew-01] loaded module [reindex]
[2016-11-14T21:05:25,950][INFO ][o.e.p.PluginsService     ] [brew-01] loaded module [transport-netty3]
[2016-11-14T21:05:25,951][INFO ][o.e.p.PluginsService     ] [brew-01] loaded module [transport-netty4]
[2016-11-14T21:05:25,953][INFO ][o.e.p.PluginsService     ] [brew-01] no plugins loaded
[2016-11-14T21:05:31,046][INFO ][o.e.n.Node               ] [brew-01] initialized
[2016-11-14T21:05:31,047][INFO ][o.e.n.Node               ] [brew-01] starting ...
[2016-11-14T21:05:31,572][INFO ][o.e.t.TransportService   ] [brew-01] publish_address {127.0.0.1:9300}, bound_addresses {127.0.0.1:9300}, {[::1]:9300}
[2016-11-14T21:05:31,587][WARN ][o.e.b.BootstrapCheck     ] [brew-01] initial heap size [2147483648] not equal to maximum heap size [4294967296]; this can cause resize pauses and prevents mlockall from locking the entire heap
[2016-11-14T21:05:34,827][INFO ][o.e.c.s.ClusterService   ] [brew-01] new_master {brew-01}{eavFbWN-SMyiPys3R9Tp4w}{zxHKHmZ4SkqjH_VAjqq3kQ}{127.0.0.1}{127.0.0.1:9300}, reason: zen-disco-elected-as-master ([0] nodes joined)
[2016-11-14T21:05:35,391][INFO ][o.e.m.j.JvmGcMonitorService] [brew-01] [gc][4] overhead, spent [518ms] collecting in the last [1.3s]
[2016-11-14T21:05:35,456][INFO ][o.e.h.HttpServer         ] [brew-01] publish_address {127.0.0.1:9200}, bound_addresses {127.0.0.1:9200}, {[::1]:9200}
[2016-11-14T21:05:35,458][INFO ][o.e.n.Node               ] [brew-01] started
[2016-11-14T21:05:35,493][INFO ][o.e.g.GatewayService     ] [brew-01] recovered [0] indices into cluster_state
[2016-11-14T21:11:54,309][INFO ][o.e.n.Node               ] [brew-01] stopping ...
[2016-11-14T21:11:54,346][INFO ][o.e.n.Node               ] [brew-01] stopped
[2016-11-14T21:11:54,348][INFO ][o.e.n.Node               ] [brew-01] closing ...
[2016-11-14T21:11:54,367][INFO ][o.e.n.Node               ] [brew-01] closed
[2016-11-14T21:13:48,032][INFO ][o.e.n.Node               ] [brew-01] initializing ...
[2016-11-14T21:13:48,270][INFO ][o.e.e.NodeEnvironment    ] [brew-01] using [1] data paths, mounts [[/usr/share/elasticsearch/data (osxfs)]], net usable_space [799.2gb], net total_space [930.7gb], spins? [possibly], types [fuse.osxfs]
[2016-11-14T21:13:48,272][INFO ][o.e.e.NodeEnvironment    ] [brew-01] heap size [3.9gb], compressed ordinary object pointers [true]
[2016-11-14T21:13:48,291][INFO ][o.e.n.Node               ] [brew-01] version[5.0.0], pid[1], build[253032b/2016-10-26T05:11:34.737Z], OS[Linux/4.4.27-moby/amd64], JVM[Oracle Corporation/OpenJDK 64-Bit Server VM/1.8.0_111/25.111-b14]
[2016-11-14T21:13:50,665][INFO ][o.e.p.PluginsService     ] [brew-01] loaded module [aggs-matrix-stats]
[2016-11-14T21:13:50,666][INFO ][o.e.p.PluginsService     ] [brew-01] loaded module [ingest-common]
[2016-11-14T21:13:50,667][INFO ][o.e.p.PluginsService     ] [brew-01] loaded module [lang-expression]
[2016-11-14T21:13:50,667][INFO ][o.e.p.PluginsService     ] [brew-01] loaded module [lang-groovy]
[2016-11-14T21:13:50,668][INFO ][o.e.p.PluginsService     ] [brew-01] loaded module [lang-mustache]
[2016-11-14T21:13:50,669][INFO ][o.e.p.PluginsService     ] [brew-01] loaded module [lang-painless]
[2016-11-14T21:13:50,670][INFO ][o.e.p.PluginsService     ] [brew-01] loaded module [percolator]
[2016-11-14T21:13:50,671][INFO ][o.e.p.PluginsService     ] [brew-01] loaded module [reindex]
[2016-11-14T21:13:50,673][INFO ][o.e.p.PluginsService     ] [brew-01] loaded module [transport-netty3]
[2016-11-14T21:13:50,674][INFO ][o.e.p.PluginsService     ] [brew-01] loaded module [transport-netty4]
[2016-11-14T21:13:50,676][INFO ][o.e.p.PluginsService     ] [brew-01] no plugins loaded
[2016-11-14T21:13:55,506][INFO ][o.e.n.Node               ] [brew-01] initialized
[2016-11-14T21:13:55,508][INFO ][o.e.n.Node               ] [brew-01] starting ...
[2016-11-14T21:13:56,032][INFO ][o.e.t.TransportService   ] [brew-01] publish_address {172.21.0.2:9300}, bound_addresses {[::]:9300}
[2016-11-14T21:13:56,043][INFO ][o.e.b.BootstrapCheck     ] [brew-01] bound or publishing to a non-loopback or non-link-local address, enforcing bootstrap checks
[2016-11-14T21:13:56,055][ERROR][o.e.b.Bootstrap          ] [brew-01] node validation exception
bootstrap checks failed
initial heap size [2147483648] not equal to maximum heap size [4294967296]; this can cause resize pauses and prevents mlockall from locking the entire heap
[2016-11-14T21:13:56,066][INFO ][o.e.n.Node               ] [brew-01] stopping ...
[2016-11-14T21:13:56,140][INFO ][o.e.n.Node               ] [brew-01] stopped
[2016-11-14T21:13:56,142][INFO ][o.e.n.Node               ] [brew-01] closing ...
[2016-11-14T21:13:56,176][INFO ][o.e.n.Node               ] [brew-01] closed
[2016-11-14T21:16:14,688][INFO ][o.e.n.Node               ] [brew-01] initializing ...
[2016-11-14T21:16:14,925][INFO ][o.e.e.NodeEnvironment    ] [brew-01] using [1] data paths, mounts [[/usr/share/elasticsearch/data (osxfs)]], net usable_space [799.2gb], net total_space [930.7gb], spins? [possibly], types [fuse.osxfs]
[2016-11-14T21:16:14,927][INFO ][o.e.e.NodeEnvironment    ] [brew-01] heap size [3.9gb], compressed ordinary object pointers [true]
[2016-11-14T21:16:14,947][INFO ][o.e.n.Node               ] [brew-01] version[5.0.0], pid[1], build[253032b/2016-10-26T05:11:34.737Z], OS[Linux/4.4.27-moby/amd64], JVM[Oracle Corporation/OpenJDK 64-Bit Server VM/1.8.0_111/25.111-b14]
[2016-11-14T21:16:17,329][INFO ][o.e.p.PluginsService     ] [brew-01] loaded module [aggs-matrix-stats]
[2016-11-14T21:16:17,330][INFO ][o.e.p.PluginsService     ] [brew-01] loaded module [ingest-common]
[2016-11-14T21:16:17,331][INFO ][o.e.p.PluginsService     ] [brew-01] loaded module [lang-expression]
[2016-11-14T21:16:17,332][INFO ][o.e.p.PluginsService     ] [brew-01] loaded module [lang-groovy]
[2016-11-14T21:16:17,334][INFO ][o.e.p.PluginsService     ] [brew-01] loaded module [lang-mustache]
[2016-11-14T21:16:17,335][INFO ][o.e.p.PluginsService     ] [brew-01] loaded module [lang-painless]
[2016-11-14T21:16:17,336][INFO ][o.e.p.PluginsService     ] [brew-01] loaded module [percolator]
[2016-11-14T21:16:17,338][INFO ][o.e.p.PluginsService     ] [brew-01] loaded module [reindex]
[2016-11-14T21:16:17,339][INFO ][o.e.p.PluginsService     ] [brew-01] loaded module [transport-netty3]
[2016-11-14T21:16:17,341][INFO ][o.e.p.PluginsService     ] [brew-01] loaded module [transport-netty4]
[2016-11-14T21:16:17,342][INFO ][o.e.p.PluginsService     ] [brew-01] no plugins loaded
[2016-11-14T21:16:21,972][INFO ][o.e.n.Node               ] [brew-01] initialized
[2016-11-14T21:16:21,974][INFO ][o.e.n.Node               ] [brew-01] starting ...
[2016-11-14T21:16:22,373][INFO ][o.e.t.TransportService   ] [brew-01] publish_address {172.21.0.2:9300}, bound_addresses {172.21.0.2:9300}
[2016-11-14T21:16:22,390][INFO ][o.e.b.BootstrapCheck     ] [brew-01] bound or publishing to a non-loopback or non-link-local address, enforcing bootstrap checks
[2016-11-14T21:16:22,401][ERROR][o.e.b.Bootstrap          ] [brew-01] node validation exception
bootstrap checks failed
initial heap size [2147483648] not equal to maximum heap size [4294967296]; this can cause resize pauses and prevents mlockall from locking the entire heap
[2016-11-14T21:16:22,443][INFO ][o.e.n.Node               ] [brew-01] stopping ...
[2016-11-14T21:16:22,519][INFO ][o.e.n.Node               ] [brew-01] stopped
[2016-11-14T21:16:22,522][INFO ][o.e.n.Node               ] [brew-01] closing ...
[2016-11-14T21:16:22,557][INFO ][o.e.n.Node               ] [brew-01] closed
[2016-11-14T21:18:19,205][INFO ][o.e.n.Node               ] [brew-01] initializing ...
[2016-11-14T21:18:19,436][INFO ][o.e.e.NodeEnvironment    ] [brew-01] using [1] data paths, mounts [[/usr/share/elasticsearch/data (osxfs)]], net usable_space [799.2gb], net total_space [930.7gb], spins? [possibly], types [fuse.osxfs]
[2016-11-14T21:18:19,438][INFO ][o.e.e.NodeEnvironment    ] [brew-01] heap size [3.9gb], compressed ordinary object pointers [true]
[2016-11-14T21:18:19,458][INFO ][o.e.n.Node               ] [brew-01] version[5.0.0], pid[1], build[253032b/2016-10-26T05:11:34.737Z], OS[Linux/4.4.27-moby/amd64], JVM[Oracle Corporation/OpenJDK 64-Bit Server VM/1.8.0_111/25.111-b14]
[2016-11-14T21:18:21,859][INFO ][o.e.p.PluginsService     ] [brew-01] loaded module [aggs-matrix-stats]
[2016-11-14T21:18:21,860][INFO ][o.e.p.PluginsService     ] [brew-01] loaded module [ingest-common]
[2016-11-14T21:18:21,861][INFO ][o.e.p.PluginsService     ] [brew-01] loaded module [lang-expression]
[2016-11-14T21:18:21,862][INFO ][o.e.p.PluginsService     ] [brew-01] loaded module [lang-groovy]
[2016-11-14T21:18:21,863][INFO ][o.e.p.PluginsService     ] [brew-01] loaded module [lang-mustache]
[2016-11-14T21:18:21,864][INFO ][o.e.p.PluginsService     ] [brew-01] loaded module [lang-painless]
[2016-11-14T21:18:21,866][INFO ][o.e.p.PluginsService     ] [brew-01] loaded module [percolator]
[2016-11-14T21:18:21,866][INFO ][o.e.p.PluginsService     ] [brew-01] loaded module [reindex]
[2016-11-14T21:18:21,867][INFO ][o.e.p.PluginsService     ] [brew-01] loaded module [transport-netty3]
[2016-11-14T21:18:21,869][INFO ][o.e.p.PluginsService     ] [brew-01] loaded module [transport-netty4]
[2016-11-14T21:18:21,870][INFO ][o.e.p.PluginsService     ] [brew-01] no plugins loaded
[2016-11-14T21:18:26,421][INFO ][o.e.n.Node               ] [brew-01] initialized
[2016-11-14T21:18:26,423][INFO ][o.e.n.Node               ] [brew-01] starting ...
[2016-11-14T21:18:27,215][INFO ][o.e.t.TransportService   ] [brew-01] publish_address {127.0.0.1:9300}, bound_addresses {[::1]:9300}, {127.0.0.1:9300}
[2016-11-14T21:18:27,255][WARN ][o.e.b.BootstrapCheck     ] [brew-01] initial heap size [2147483648] not equal to maximum heap size [4294967296]; this can cause resize pauses and prevents mlockall from locking the entire heap
[2016-11-14T21:18:30,482][INFO ][o.e.c.s.ClusterService   ] [brew-01] new_master {brew-01}{eavFbWN-SMyiPys3R9Tp4w}{A36zg1caRQekVmKQbQnI1g}{127.0.0.1}{127.0.0.1:9300}, reason: zen-disco-elected-as-master ([0] nodes joined)
[2016-11-14T21:18:30,914][INFO ][o.e.h.HttpServer         ] [brew-01] publish_address {127.0.0.1:9200}, bound_addresses {[::1]:9200}, {127.0.0.1:9200}
[2016-11-14T21:18:30,918][INFO ][o.e.n.Node               ] [brew-01] started
[2016-11-14T21:18:30,953][INFO ][o.e.g.GatewayService     ] [brew-01] recovered [0] indices into cluster_state
[2016-11-14T21:18:31,454][INFO ][o.e.m.j.JvmGcMonitorService] [brew-01] [gc][5] overhead, spent [378ms] collecting in the last [1s]
[2016-11-14T21:23:27,654][INFO ][o.e.n.Node               ] [brew-01] stopping ...
[2016-11-14T21:23:27,704][INFO ][o.e.n.Node               ] [brew-01] stopped
[2016-11-14T21:23:27,707][INFO ][o.e.n.Node               ] [brew-01] closing ...
[2016-11-14T21:23:27,726][INFO ][o.e.n.Node               ] [brew-01] closed
[2016-11-14T21:28:38,502][INFO ][o.e.n.Node               ] [brew-01] initializing ...
[2016-11-14T21:28:38,726][INFO ][o.e.e.NodeEnvironment    ] [brew-01] using [1] data paths, mounts [[/usr/share/elasticsearch/data (osxfs)]], net usable_space [798.9gb], net total_space [930.7gb], spins? [possibly], types [fuse.osxfs]
[2016-11-14T21:28:38,728][INFO ][o.e.e.NodeEnvironment    ] [brew-01] heap size [3.9gb], compressed ordinary object pointers [true]
[2016-11-14T21:28:38,744][INFO ][o.e.n.Node               ] [brew-01] version[5.0.0], pid[1], build[253032b/2016-10-26T05:11:34.737Z], OS[Linux/4.4.27-moby/amd64], JVM[Oracle Corporation/OpenJDK 64-Bit Server VM/1.8.0_111/25.111-b14]
[2016-11-14T21:28:41,309][INFO ][o.e.p.PluginsService     ] [brew-01] loaded module [aggs-matrix-stats]
[2016-11-14T21:28:41,311][INFO ][o.e.p.PluginsService     ] [brew-01] loaded module [ingest-common]
[2016-11-14T21:28:41,312][INFO ][o.e.p.PluginsService     ] [brew-01] loaded module [lang-expression]
[2016-11-14T21:28:41,314][INFO ][o.e.p.PluginsService     ] [brew-01] loaded module [lang-groovy]
[2016-11-14T21:28:41,316][INFO ][o.e.p.PluginsService     ] [brew-01] loaded module [lang-mustache]
[2016-11-14T21:28:41,317][INFO ][o.e.p.PluginsService     ] [brew-01] loaded module [lang-painless]
[2016-11-14T21:28:41,318][INFO ][o.e.p.PluginsService     ] [brew-01] loaded module [percolator]
[2016-11-14T21:28:41,319][INFO ][o.e.p.PluginsService     ] [brew-01] loaded module [reindex]
[2016-11-14T21:28:41,320][INFO ][o.e.p.PluginsService     ] [brew-01] loaded module [transport-netty3]
[2016-11-14T21:28:41,321][INFO ][o.e.p.PluginsService     ] [brew-01] loaded module [transport-netty4]
[2016-11-14T21:28:41,325][INFO ][o.e.p.PluginsService     ] [brew-01] no plugins loaded
[2016-11-14T21:28:46,396][INFO ][o.e.n.Node               ] [brew-01] initialized
[2016-11-14T21:28:46,398][INFO ][o.e.n.Node               ] [brew-01] starting ...
[2016-11-14T21:28:46,695][INFO ][o.e.t.TransportService   ] [brew-01] publish_address {172.23.0.2:9300}, bound_addresses {[::]:9300}
[2016-11-14T21:28:46,716][INFO ][o.e.b.BootstrapCheck     ] [brew-01] bound or publishing to a non-loopback or non-link-local address, enforcing bootstrap checks
[2016-11-14T21:28:46,726][ERROR][o.e.b.Bootstrap          ] [brew-01] node validation exception
bootstrap checks failed
initial heap size [2147483648] not equal to maximum heap size [4294967296]; this can cause resize pauses and prevents mlockall from locking the entire heap
[2016-11-14T21:28:46,738][INFO ][o.e.n.Node               ] [brew-01] stopping ...
[2016-11-14T21:28:46,798][INFO ][o.e.n.Node               ] [brew-01] stopped
[2016-11-14T21:28:46,801][INFO ][o.e.n.Node               ] [brew-01] closing ...
[2016-11-14T21:28:46,843][INFO ][o.e.n.Node               ] [brew-01] closed
[2016-11-14T21:46:24,335][INFO ][o.e.n.Node               ] [brew-01] initializing ...
[2016-11-14T21:46:24,585][INFO ][o.e.e.NodeEnvironment    ] [brew-01] using [1] data paths, mounts [[/usr/share/elasticsearch/data (osxfs)]], net usable_space [797.4gb], net total_space [930.7gb], spins? [possibly], types [fuse.osxfs]
[2016-11-14T21:46:24,588][INFO ][o.e.e.NodeEnvironment    ] [brew-01] heap size [1.9gb], compressed ordinary object pointers [true]
[2016-11-14T21:46:24,606][INFO ][o.e.n.Node               ] [brew-01] version[5.0.0], pid[1], build[253032b/2016-10-26T05:11:34.737Z], OS[Linux/4.4.27-moby/amd64], JVM[Oracle Corporation/OpenJDK 64-Bit Server VM/1.8.0_111/25.111-b14]
[2016-11-14T21:46:26,941][INFO ][o.e.p.PluginsService     ] [brew-01] loaded module [aggs-matrix-stats]
[2016-11-14T21:46:26,942][INFO ][o.e.p.PluginsService     ] [brew-01] loaded module [ingest-common]
[2016-11-14T21:46:26,944][INFO ][o.e.p.PluginsService     ] [brew-01] loaded module [lang-expression]
[2016-11-14T21:46:26,945][INFO ][o.e.p.PluginsService     ] [brew-01] loaded module [lang-groovy]
[2016-11-14T21:46:26,946][INFO ][o.e.p.PluginsService     ] [brew-01] loaded module [lang-mustache]
[2016-11-14T21:46:26,948][INFO ][o.e.p.PluginsService     ] [brew-01] loaded module [lang-painless]
[2016-11-14T21:46:26,949][INFO ][o.e.p.PluginsService     ] [brew-01] loaded module [percolator]
[2016-11-14T21:46:26,950][INFO ][o.e.p.PluginsService     ] [brew-01] loaded module [reindex]
[2016-11-14T21:46:26,952][INFO ][o.e.p.PluginsService     ] [brew-01] loaded module [transport-netty3]
[2016-11-14T21:46:26,953][INFO ][o.e.p.PluginsService     ] [brew-01] loaded module [transport-netty4]
[2016-11-14T21:46:26,954][INFO ][o.e.p.PluginsService     ] [brew-01] no plugins loaded
[2016-11-14T21:46:32,354][INFO ][o.e.n.Node               ] [brew-01] initialized
[2016-11-14T21:46:32,355][INFO ][o.e.n.Node               ] [brew-01] starting ...
[2016-11-14T21:46:32,718][INFO ][o.e.t.TransportService   ] [brew-01] publish_address {172.21.0.2:9300}, bound_addresses {[::]:9300}
[2016-11-14T21:46:32,732][INFO ][o.e.b.BootstrapCheck     ] [brew-01] bound or publishing to a non-loopback or non-link-local address, enforcing bootstrap checks
[2016-11-14T21:46:33,781][INFO ][o.e.m.j.JvmGcMonitorService] [brew-01] [gc][1] overhead, spent [651ms] collecting in the last [1.4s]
[2016-11-14T21:46:35,890][INFO ][o.e.c.s.ClusterService   ] [brew-01] new_master {brew-01}{eavFbWN-SMyiPys3R9Tp4w}{7fOSG5c-Q8GqUQukg-Fh3A}{172.21.0.2}{172.21.0.2:9300}, reason: zen-disco-elected-as-master ([0] nodes joined)
[2016-11-14T21:46:35,922][INFO ][o.e.h.HttpServer         ] [brew-01] publish_address {172.21.0.2:9200}, bound_addresses {[::]:9200}
[2016-11-14T21:46:35,923][INFO ][o.e.n.Node               ] [brew-01] started
[2016-11-14T21:46:35,969][INFO ][o.e.g.GatewayService     ] [brew-01] recovered [0] indices into cluster_state
[2016-11-14T21:47:44,319][INFO ][o.e.n.Node               ] [brew-01] initializing ...
[2016-11-14T21:47:44,755][INFO ][o.e.e.NodeEnvironment    ] [brew-01] using [1] data paths, mounts [[/usr/share/elasticsearch/data (osxfs)]], net usable_space [797.4gb], net total_space [930.7gb], spins? [possibly], types [fuse.osxfs]
[2016-11-14T21:47:44,762][INFO ][o.e.e.NodeEnvironment    ] [brew-01] heap size [1.9gb], compressed ordinary object pointers [true]
[2016-11-14T21:47:44,789][INFO ][o.e.n.Node               ] [brew-01] version[5.0.0], pid[1], build[253032b/2016-10-26T05:11:34.737Z], OS[Linux/4.4.27-moby/amd64], JVM[Oracle Corporation/OpenJDK 64-Bit Server VM/1.8.0_111/25.111-b14]
[2016-11-14T21:47:49,580][INFO ][o.e.p.PluginsService     ] [brew-01] loaded module [aggs-matrix-stats]
[2016-11-14T21:47:49,582][INFO ][o.e.p.PluginsService     ] [brew-01] loaded module [ingest-common]
[2016-11-14T21:47:49,583][INFO ][o.e.p.PluginsService     ] [brew-01] loaded module [lang-expression]
[2016-11-14T21:47:49,586][INFO ][o.e.p.PluginsService     ] [brew-01] loaded module [lang-groovy]
[2016-11-14T21:47:49,589][INFO ][o.e.p.PluginsService     ] [brew-01] loaded module [lang-mustache]
[2016-11-14T21:47:49,591][INFO ][o.e.p.PluginsService     ] [brew-01] loaded module [lang-painless]
[2016-11-14T21:47:49,592][INFO ][o.e.p.PluginsService     ] [brew-01] loaded module [percolator]
[2016-11-14T21:47:49,594][INFO ][o.e.p.PluginsService     ] [brew-01] loaded module [reindex]
[2016-11-14T21:47:49,596][INFO ][o.e.p.PluginsService     ] [brew-01] loaded module [transport-netty3]
[2016-11-14T21:47:49,598][INFO ][o.e.p.PluginsService     ] [brew-01] loaded module [transport-netty4]
[2016-11-14T21:47:49,601][INFO ][o.e.p.PluginsService     ] [brew-01] no plugins loaded
[2016-11-14T21:47:58,219][INFO ][o.e.n.Node               ] [brew-01] initialized
[2016-11-14T21:47:58,221][INFO ][o.e.n.Node               ] [brew-01] starting ...
[2016-11-14T21:47:58,671][INFO ][o.e.t.TransportService   ] [brew-01] publish_address {172.21.0.2:9300}, bound_addresses {[::]:9300}
[2016-11-14T21:47:58,692][INFO ][o.e.b.BootstrapCheck     ] [brew-01] bound or publishing to a non-loopback or non-link-local address, enforcing bootstrap checks
[2016-11-14T21:47:59,763][INFO ][o.e.m.j.JvmGcMonitorService] [brew-01] [gc][1] overhead, spent [567ms] collecting in the last [1.5s]
[2016-11-14T21:48:01,877][INFO ][o.e.c.s.ClusterService   ] [brew-01] new_master {brew-01}{eavFbWN-SMyiPys3R9Tp4w}{qW56Cox2R0uF7vsnUi0MbQ}{172.21.0.2}{172.21.0.2:9300}, reason: zen-disco-elected-as-master ([0] nodes joined)
[2016-11-14T21:48:01,958][INFO ][o.e.h.HttpServer         ] [brew-01] publish_address {172.21.0.2:9200}, bound_addresses {[::]:9200}
[2016-11-14T21:48:01,961][INFO ][o.e.n.Node               ] [brew-01] started
[2016-11-14T21:48:02,057][INFO ][o.e.g.GatewayService     ] [brew-01] recovered [0] indices into cluster_state
[2016-11-14T22:04:41,040][INFO ][o.e.n.Node               ] [brew-01] stopping ...
[2016-11-14T22:04:41,077][INFO ][o.e.n.Node               ] [brew-01] stopped
[2016-11-14T22:04:41,078][INFO ][o.e.n.Node               ] [brew-01] closing ...
[2016-11-14T22:04:41,104][INFO ][o.e.n.Node               ] [brew-01] closed
